<?xml version="1.0" encoding="UTF-8"?>
<!-- Generated by org.testng.reporters.JUnitReportReporter -->
<testsuite skipped="0" hostname="DESKTOP-QMJU7JR" name="com.test.TestNgBasics" tests="2" failures="0" timestamp="2022-10-31T11:24:11 CDT" time="0.017" errors="0">
  <testcase name="searchTest" time="0.007" classname="com.test.TestNgBasics"/>
  <system-out/>
  <testcase name="googleTiltleTest" time="0.010" classname="com.test.TestNgBasics"/>
  <system-out/>
</testsuite> <!-- com.test.TestNgBasics -->
