<?xml version="1.0" encoding="UTF-8"?>
<!-- Generated by org.testng.reporters.JUnitReportReporter -->
<testsuite skipped="0" hostname="DESKTOP-QMJU7JR" name="com.test.GoogleTest" tests="1" failures="0" timestamp="2022-10-31T12:11:59 CDT" time="6.642" errors="0">
  <testcase name="googleTitleTest" time="6.642" classname="com.test.GoogleTest"/>
  <system-out/>
</testsuite> <!-- com.test.GoogleTest -->
